2025/04/09 11:49:05 [error] 3380#13440: *1 CreateFile() "C:\Users\vacod\Downloads\nginx-1.27.4\nginx-1.27.4/html/favicon.ico" failed (2: Le fichier spécifié est introuvable), client: 127.0.0.1, server: localhost, request: "GET /favicon.ico HTTP/1.1", host: "localhost", referrer: "http://localhost/"
2025/04/10 18:27:30 [emerg] 19924#16796: CreateDirectory() "C:\Users\Lenovo\BrowserQuest\nginx/temp/client_body_temp" failed (3: The system cannot find the path specified)
2025/04/10 18:37:19 [emerg] 18000#19124: CreateDirectory() "C:\Users\Lenovo\BrowserQuest\nginx/temp/client_body_temp" failed (3: The system cannot find the path specified)
2025/04/10 18:37:49 [emerg] 17412#8852: CreateDirectory() "C:\Users\Lenovo\BrowserQuest\nginx/temp/client_body_temp" failed (3: The system cannot find the path specified)
2025/04/10 18:42:51 [emerg] 18344#19108: CreateDirectory() "C:\Users\Lenovo\BrowserQuest\nginx/temp/client_body_temp" failed (3: The system cannot find the path specified)
2025/04/10 18:43:56 [emerg] 19896#6328: CreateDirectory() "C:\Users\Lenovo\BrowserQuest\nginx/temp/client_body_temp" failed (3: The system cannot find the path specified)
2025/04/10 18:46:46 [emerg] 17480#1204: CreateDirectory() "C:\Users\Lenovo\BrowserQuest\nginx/temp/client_body_temp" failed (3: The system cannot find the path specified)
2025/04/10 18:58:06 [emerg] 19260#8584: CreateDirectory() "C:\Users\Lenovo\BrowserQuest\nginx/temp/client_body_temp" failed (3: The system cannot find the path specified)
2025/04/10 19:56:59 [emerg] 16360#9040: CreateDirectory() "C:\Users\Lenovo\BrowserQuest\nginx/temp/client_body_temp" failed (3: The system cannot find the path specified)
2025/04/10 19:59:29 [emerg] 17132#15624: CreateDirectory() "C:\Users\Lenovo\BrowserQuest\nginx/temp/client_body_temp" failed (3: The system cannot find the path specified)
2025/04/10 20:01:14 [emerg] 9748#18708: CreateDirectory() "C:\Users\Lenovo\BrowserQuest\nginx/temp/client_body_temp" failed (3: The system cannot find the path specified)
2025/04/10 20:03:44 [emerg] 12856#13704: invalid number of arguments in "root" directive in C:\Users\Lenovo\BrowserQuest\nginx/conf/nginx.conf:25
2025/04/10 20:04:09 [emerg] 13096#5632: CreateDirectory() "C:\Users\Lenovo\BrowserQuest\nginx/temp/client_body_temp" failed (3: The system cannot find the path specified)
2025/04/10 20:15:28 [emerg] 14120#17704: CreateDirectory() "C:\Users\lenovo\BrowserQuest\nginx/temp/client_body_temp" failed (3: The system cannot find the path specified)
2025/04/10 20:21:12 [emerg] 8200#11056: CreateDirectory() "C:\Users\Lenovo\BrowserQuest\nginx/temp/client_body_temp" failed (3: The system cannot find the path specified)
2025/04/10 20:21:33 [notice] 10328#12800: signal process started
2025/04/10 20:21:33 [error] 10328#12800: OpenEvent("Global\ngx_reload_13616") failed (2: The system cannot find the file specified)
2025/04/10 20:21:42 [emerg] 15200#19128: CreateDirectory() "C:\Users\Lenovo\BrowserQuest\nginx/temp/client_body_temp" failed (3: The system cannot find the path specified)
2025/04/10 20:24:13 [emerg] 18308#15284: CreateDirectory() "C:\Users\Lenovo\BrowserQuest\nginx/temp/client_body_temp" failed (3: The system cannot find the path specified)
2025/04/10 20:24:36 [emerg] 8188#3984: CreateDirectory() "C:\Users\Lenovo\BrowserQuest\nginx/temp/client_body_temp" failed (3: The system cannot find the path specified)
2025/04/10 20:33:50 [emerg] 15560#5268: CreateDirectory() "C:\Users\Lenovo\BrowserQuest\nginx/temp/client_body_temp" failed (3: The system cannot find the path specified)
2025/04/10 20:33:58 [emerg] 17460#17756: CreateDirectory() "C:\Users\Lenovo\BrowserQuest\nginx/temp/client_body_temp" failed (3: The system cannot find the path specified)
2025/04/10 20:34:01 [emerg] 15384#2468: CreateDirectory() "C:\Users\Lenovo\BrowserQuest\nginx/temp/client_body_temp" failed (3: The system cannot find the path specified)
2025/04/10 20:34:05 [emerg] 19536#15836: CreateDirectory() "C:\Users\Lenovo\BrowserQuest\nginx/temp/client_body_temp" failed (3: The system cannot find the path specified)
2025/04/10 20:34:14 [emerg] 19876#16292: CreateDirectory() "C:\Users\Lenovo\BrowserQuest\nginx/temp/client_body_temp" failed (3: The system cannot find the path specified)
2025/04/11 08:58:42 [emerg] 2448#11588: CreateDirectory() "C:\Users\Lenovo\BrowserQuest\nginx/temp/client_body_temp" failed (3: The system cannot find the path specified)
